#
# A fatal error has been detected by the Java Runtime Environment:
#
#  SIGSEGV (0xb) at pc=0x0000000108b1b259, pid=16072, tid=37475
#
# JRE version: Java(TM) SE Runtime Environment (8.0_71-b15) (build 1.8.0_71-b15)
# Java VM: Java HotSpot(TM) 64-Bit Server VM (25.71-b15 mixed mode bsd-amd64 compressed oops)
# Problematic frame:
# V  [libjvm.dylib+0x31b259]  jni_SetStaticIntField+0xa0
#
# Failed to write core dump. Core dumps have been disabled. To enable core dumping, try "ulimit -c unlimited" before starting Java again
#
# If you would like to submit a bug report, please visit:
#   http://bugreport.java.com/bugreport/crash.jsp
#

---------------  T H R E A D  ---------------

Current thread (0x00007fcc03441000):  JavaThread "Task worker for ':'" [_thread_in_vm, id=37475, stack(0x000070000e25d000,0x000070000e35d000)]

siginfo: si_signo: 11 (SIGSEGV), si_code: 1 (SEGV_MAPERR), si_addr: 0x0000000000000010

Registers:
RAX=0x00000001090df530, RBX=0x0000000000000000, RCX=0x0000000000000000, RDX=0x0000000000000000
RSP=0x000070000e3585c0, RBP=0x000070000e358630, RSI=0x000070000e3586d0, RDI=0x00007fcc034411f8
R8 =0x0000000000000000, R9 =0x00007fffb8871a50, R10=0x0000000000000007, R11=0x00007fcaf2a2ba05
R12=0x00007fcc034411f8, R13=0x00007fcc03441000, R14=0x0000000000000000, R15=0x000070000e3586d0
RIP=0x0000000108b1b259, EFLAGS=0x0000000000010246, ERR=0x0000000000000004
  TRAPNO=0x000000000000000e

Top of Stack: (sp=0x000070000e3585c0)
0x000070000e3585c0:   000000013289eb38 00007fcc03441000
0x000070000e3585d0:   00007fcc03441000 00007fcc03441000
0x000070000e3585e0:   00007fcbfd6c3e38 0000000100000b74
0x000070000e3585f0:   0000000108df2cc8 00007fcc03441000
0x000070000e358600:   00007fcc03441000 00007fcc034411f8
0x000070000e358610:   0000000108b1b1b9 000000013289eef8
0x000070000e358620:   000070000e3586d0 00000001264ebe39
0x000070000e358630:   000070000e358670 00000001264eaf98
0x000070000e358640:   00000001264eae90 00000001343f1e68
0x000070000e358650:   0000000000000000 000000013289eef8
0x000070000e358660:   000070000e3586d8 00007fcc03441000
0x000070000e358670:   000070000e3586c0 0000000113f6c954
0x000070000e358680:   000070000e358680 000000013289eef8
0x000070000e358690:   000070000e3586d8 0000000132422608
0x000070000e3586a0:   0000000000000000 00000001343f1e68
0x000070000e3586b0:   0000000000000000 000070000e3586e0
0x000070000e3586c0:   000070000e358720 0000000113f5ec4d
0x000070000e3586d0:   00000007a5b94908 0000000113f66578
0x000070000e3586e0:   000070000e3586e0 000000013289efac
0x000070000e3586f0:   000070000e358728 0000000132422608
0x000070000e358700:   0000000000000000 00000001325aed88
0x000070000e358710:   000070000e3586e0 000070000e358730
0x000070000e358720:   000070000e358790 0000000113f577a7
0x000070000e358730:   0000000100001fa0 000000000000000a
0x000070000e358740:   00007fcc03441000 0000000000000000
0x000070000e358750:   0000000113f5771f 00000001325aed88
0x000070000e358760:   000070000e358828 000070000e358960
0x000070000e358770:   00007fcc0000000a 00000001325aed88
0x000070000e358780:   0000000113f67c00 000070000e358970
0x000070000e358790:   000070000e358940 0000000108aea59a
0x000070000e3587a0:   0000700000000000 00007fcc03441000
0x000070000e3587b0:   000070000e3587d0 000070000e358960 

Instructions: (pc=0x0000000108b1b259)
0x0000000108b1b239:   45 a0 48 89 44 24 08 c7 04 24 49 00 00 00 31 f6
0x0000000108b1b249:   41 b9 01 00 00 00 31 d2 4d 89 f0 e8 2d 4e 07 00
0x0000000108b1b259:   49 63 46 10 49 8b 0e 48 8b 49 68 89 1c 01 90 0f
0x0000000108b1b269:   1f 40 00 48 83 7d b0 00 74 09 48 8d 7d a8 e8 12 

Register to memory mapping:

RAX=0x00000001090df530: _ZN11JvmtiExport31_should_post_field_modificationE+0 in /Library/Java/JavaVirtualMachines/jdk1.8.0_71.jdk/Contents/Home/jre/lib/server/libjvm.dylib at 0x0000000108800000
RBX=0x0000000000000000 is an unknown value
RCX=0x0000000000000000 is an unknown value
RDX=0x0000000000000000 is an unknown value
RSP=0x000070000e3585c0 is pointing into the stack for thread: 0x00007fcc03441000
RBP=0x000070000e358630 is pointing into the stack for thread: 0x00007fcc03441000
RSI=0x000070000e3586d0 is pointing into the stack for thread: 0x00007fcc03441000
RDI=0x00007fcc034411f8 is an unknown value
R8 =0x0000000000000000 is an unknown value
R9 =0x00007fffb8871a50: __vfprintf+0x4699 in /usr/lib/system/libsystem_c.dylib at 0x00007fffb8827000
R10=0x0000000000000007 is an unknown value
R11=0x00007fcaf2a2ba05 is an unknown value
R12=0x00007fcc034411f8 is an unknown value
R13=0x00007fcc03441000 is a thread
R14=0x0000000000000000 is an unknown value
R15=0x000070000e3586d0 is pointing into the stack for thread: 0x00007fcc03441000


Stack: [0x000070000e25d000,0x000070000e35d000],  sp=0x000070000e3585c0,  free space=1005k
Native frames: (J=compiled Java code, j=interpreted, Vv=VM code, C=native code)
V  [libjvm.dylib+0x31b259]  jni_SetStaticIntField+0xa0
C  [libjansi.jnilib+0xf98]  Java_org_fusesource_jansi_internal_CLibrary_init+0x108
j  org.fusesource.jansi.internal.CLibrary.init()V+0
j  org.fusesource.jansi.internal.CLibrary.<clinit>()V+20
v  ~StubRoutines::call_stub
V  [libjvm.dylib+0x2ea59a]  JavaCalls::call_helper(JavaValue*, methodHandle*, JavaCallArguments*, Thread*)+0x6ae
V  [libjvm.dylib+0x2bd6e9]  InstanceKlass::call_class_initializer_impl(instanceKlassHandle, Thread*)+0xbf
V  [libjvm.dylib+0x2bebf1]  InstanceKlass::initialize_impl(instanceKlassHandle, Thread*)+0x4b5
V  [libjvm.dylib+0x2bee87]  InstanceKlass::initialize(Thread*)+0x3d
V  [libjvm.dylib+0x3c451e]  LinkResolver::resolve_field(fieldDescriptor&, KlassHandle, Symbol*, Symbol*, KlassHandle, Bytecodes::Code, bool, bool, Thread*)+0x31a
V  [libjvm.dylib+0x3c6b03]  LinkResolver::resolve_field_access(fieldDescriptor&, constantPoolHandle, int, Bytecodes::Code, Thread*)+0x101
V  [libjvm.dylib+0x2e544b]  InterpreterRuntime::resolve_get_put(JavaThread*, Bytecodes::Code)+0x119
j  org.jetbrains.kotlin.cli.common.messages.PlainTextMessageRenderer.<clinit>()V+21
v  ~StubRoutines::call_stub
V  [libjvm.dylib+0x2ea59a]  JavaCalls::call_helper(JavaValue*, methodHandle*, JavaCallArguments*, Thread*)+0x6ae
V  [libjvm.dylib+0x2bd6e9]  InstanceKlass::call_class_initializer_impl(instanceKlassHandle, Thread*)+0xbf
V  [libjvm.dylib+0x2bebf1]  InstanceKlass::initialize_impl(instanceKlassHandle, Thread*)+0x4b5
V  [libjvm.dylib+0x2bee87]  InstanceKlass::initialize(Thread*)+0x3d
V  [libjvm.dylib+0x2bea2f]  InstanceKlass::initialize_impl(instanceKlassHandle, Thread*)+0x2f3
V  [libjvm.dylib+0x2bee87]  InstanceKlass::initialize(Thread*)+0x3d
V  [libjvm.dylib+0x2e5fa8]  InterpreterRuntime::_new(JavaThread*, ConstantPool*, int)+0x5e
j  org.jetbrains.kotlin.cli.common.messages.MessageRenderer.<clinit>()V+10
v  ~StubRoutines::call_stub
V  [libjvm.dylib+0x2ea59a]  JavaCalls::call_helper(JavaValue*, methodHandle*, JavaCallArguments*, Thread*)+0x6ae
V  [libjvm.dylib+0x2bd6e9]  InstanceKlass::call_class_initializer_impl(instanceKlassHandle, Thread*)+0xbf
V  [libjvm.dylib+0x2bebf1]  InstanceKlass::initialize_impl(instanceKlassHandle, Thread*)+0x4b5
V  [libjvm.dylib+0x2bee87]  InstanceKlass::initialize(Thread*)+0x3d
V  [libjvm.dylib+0x3c451e]  LinkResolver::resolve_field(fieldDescriptor&, KlassHandle, Symbol*, Symbol*, KlassHandle, Bytecodes::Code, bool, bool, Thread*)+0x31a
V  [libjvm.dylib+0x3c6b03]  LinkResolver::resolve_field_access(fieldDescriptor&, constantPoolHandle, int, Bytecodes::Code, Thread*)+0x101
V  [libjvm.dylib+0x2e544b]  InterpreterRuntime::resolve_get_put(JavaThread*, Bytecodes::Code)+0x119
j  org.jetbrains.kotlin.compilerRunner.GradleCompilerRunner$loggingMessageCollector$2$1.<init>(Lorg/jetbrains/kotlin/compilerRunner/GradleCompilerRunner$loggingMessageCollector$2;)V+10
j  org.jetbrains.kotlin.compilerRunner.GradleCompilerRunner$loggingMessageCollector$2.invoke()Lorg/jetbrains/kotlin/compilerRunner/GradleCompilerRunner$loggingMessageCollector$2$1;+5
j  org.jetbrains.kotlin.compilerRunner.GradleCompilerRunner$loggingMessageCollector$2.invoke()Ljava/lang/Object;+1
J 35217 C1 kotlin.SynchronizedLazyImpl.getValue()Ljava/lang/Object; (89 bytes) @ 0x0000000119e418cc [0x0000000119e41380+0x54c]
j  org.jetbrains.kotlin.compilerRunner.GradleCompilerRunner.getLoggingMessageCollector()Lorg/jetbrains/kotlin/cli/common/messages/MessageCollector;+14
j  org.jetbrains.kotlin.compilerRunner.GradleCompilerRunner.compileOutOfProcess([Ljava/lang/String;Ljava/lang/String;Lorg/jetbrains/kotlin/compilerRunner/GradleCompilerEnvironment;)Lorg/jetbrains/kotlin/cli/common/ExitCode;+238
j  org.jetbrains.kotlin.compilerRunner.GradleCompilerRunner.compileWithDaemonOrFallback(Ljava/lang/String;Lorg/jetbrains/kotlin/cli/common/arguments/CommonCompilerArguments;Lorg/jetbrains/kotlin/compilerRunner/GradleCompilerEnvironment;)Lorg/jetbrains/kotlin/cli/common/ExitCode;+584
j  org.jetbrains.kotlin.compilerRunner.GradleCompilerRunner.compileWithDaemonOrFallback(Ljava/lang/String;Lorg/jetbrains/kotlin/cli/common/arguments/CommonCompilerArguments;Lorg/jetbrains/kotlin/compilerRunner/CompilerEnvironment;)Lorg/jetbrains/kotlin/cli/common/ExitCode;+7
j  org.jetbrains.kotlin.compilerRunner.KotlinCompilerRunner.runCompiler(Ljava/lang/String;Lorg/jetbrains/kotlin/cli/common/arguments/CommonCompilerArguments;Lorg/jetbrains/kotlin/compilerRunner/CompilerEnvironment;)Lorg/jetbrains/kotlin/cli/common/ExitCode;+25
j  org.jetbrains.kotlin.compilerRunner.GradleCompilerRunner.runJvmCompiler(Ljava/util/List;Ljava/lang/Iterable;Lorg/jetbrains/kotlin/cli/common/arguments/K2JVMCompilerArguments;Lorg/jetbrains/kotlin/compilerRunner/GradleCompilerEnvironment;)Lorg/jetbrains/kotlin/cli/common/ExitCode;+234
j  org.jetbrains.kotlin.gradle.tasks.KotlinCompile.callCompiler$kotlin_gradle_plugin(Lorg/jetbrains/kotlin/cli/common/arguments/K2JVMCompilerArguments;Lorg/jetbrains/kotlin/gradle/tasks/SourceRoots;Lorg/jetbrains/kotlin/incremental/ChangedFiles;)V+291
j  org.jetbrains.kotlin.gradle.tasks.KotlinCompile.callCompiler$kotlin_gradle_plugin(Lorg/jetbrains/kotlin/cli/common/arguments/CommonCompilerArguments;Lorg/jetbrains/kotlin/gradle/tasks/SourceRoots;Lorg/jetbrains/kotlin/incremental/ChangedFiles;)V+7
j  org.jetbrains.kotlin.gradle.tasks.AbstractKotlinCompile.execute(Lorg/gradle/api/tasks/incremental/IncrementalTaskInputs;)V+189
v  ~StubRoutines::call_stub
V  [libjvm.dylib+0x2ea59a]  JavaCalls::call_helper(JavaValue*, methodHandle*, JavaCallArguments*, Thread*)+0x6ae
V  [libjvm.dylib+0x4caacc]  Reflection::invoke(instanceKlassHandle, methodHandle, Handle, bool, objArrayHandle, BasicType, objArrayHandle, bool, Thread*)+0xe12
V  [libjvm.dylib+0x4cb000]  Reflection::invoke_method(oopDesc*, Handle, objArrayHandle, Thread*)+0x16c
V  [libjvm.dylib+0x3427ac]  JVM_InvokeMethod+0x166
J 3510  sun.reflect.NativeMethodAccessorImpl.invoke0(Ljava/lang/reflect/Method;Ljava/lang/Object;[Ljava/lang/Object;)Ljava/lang/Object; (0 bytes) @ 0x0000000114b2e3ed [0x0000000114b2e300+0xed]
J 25584 C2 sun.reflect.NativeMethodAccessorImpl.invoke(Ljava/lang/Object;[Ljava/lang/Object;)Ljava/lang/Object; (104 bytes) @ 0x0000000116155634 [0x00000001161555c0+0x74]
J 33114 C2 org.gradle.internal.reflect.JavaMethod.invoke(Ljava/lang/Object;[Ljava/lang/Object;)Ljava/lang/Object; (74 bytes) @ 0x0000000117dd2998 [0x0000000117dd2900+0x98]
j  org.gradle.api.internal.project.taskfactory.DefaultTaskClassInfoStore$IncrementalTaskAction.doExecute(Lorg/gradle/api/Task;Ljava/lang/String;)V+35
j  org.gradle.api.internal.project.taskfactory.DefaultTaskClassInfoStore$StandardTaskAction.execute(Lorg/gradle/api/Task;)V+32
j  org.gradle.api.internal.project.taskfactory.DefaultTaskClassInfoStore$StandardTaskAction.execute(Ljava/lang/Object;)V+5
J 25439 C1 org.gradle.api.internal.tasks.execution.ExecuteActionsTaskExecuter$1.run(Lorg/gradle/internal/operations/BuildOperationContext;)V (195 bytes) @ 0x00000001175f24f4 [0x00000001175f2140+0x3b4]
J 51476 C2 org.gradle.internal.progress.DefaultBuildOperationExecutor.execute(Lorg/gradle/internal/operations/BuildOperation;Lorg/gradle/internal/operations/BuildOperationWorker;Lorg/gradle/internal/progress/DefaultBuildOperationExecutor$DefaultBuildOperationState;)V (430 bytes) @ 0x000000011cafff04 [0x000000011caff060+0xea4]
J 12758 C1 org.gradle.internal.progress.DefaultBuildOperationExecutor.run(Lorg/gradle/internal/operations/RunnableBuildOperation;)V (38 bytes) @ 0x0000000116209c5c [0x0000000116209920+0x33c]
J 45150 C1 org.gradle.api.internal.tasks.execution.ExecuteActionsTaskExecuter.executeActions(Lorg/gradle/api/internal/TaskInternal;Lorg/gradle/api/internal/tasks/TaskStateInternal;Lorg/gradle/api/internal/tasks/TaskExecutionContext;)Lorg/gradle/api/GradleException; (267 bytes) @ 0x000000011abae1bc [0x000000011ababfa0+0x221c]
j  org.gradle.api.internal.tasks.execution.ExecuteActionsTaskExecuter.execute(Lorg/gradle/api/internal/TaskInternal;Lorg/gradle/api/internal/tasks/TaskStateInternal;Lorg/gradle/api/internal/tasks/TaskExecutionContext;)V+42
J 51712 C1 org.gradle.api.internal.tasks.execution.SkipUpToDateTaskExecuter.execute(Lorg/gradle/api/internal/TaskInternal;Lorg/gradle/api/internal/tasks/TaskStateInternal;Lorg/gradle/api/internal/tasks/TaskExecutionContext;)V (141 bytes) @ 0x000000011cb4322c [0x000000011cb414e0+0x1d4c]
J 45190 C1 org.gradle.api.internal.tasks.execution.ResolveTaskOutputCachingStateExecuter.execute(Lorg/gradle/api/internal/TaskInternal;Lorg/gradle/api/internal/tasks/TaskStateInternal;Lorg/gradle/api/internal/tasks/TaskExecutionContext;)V (102 bytes) @ 0x000000011a73023c [0x000000011a72ec40+0x15fc]
J 45189 C1 org.gradle.api.internal.tasks.execution.ValidatingTaskExecuter.execute(Lorg/gradle/api/internal/TaskInternal;Lorg/gradle/api/internal/tasks/TaskStateInternal;Lorg/gradle/api/internal/tasks/TaskExecutionContext;)V (221 bytes) @ 0x000000011a734d3c [0x000000011a731fa0+0x2d9c]
J 51663 C1 org.gradle.api.internal.tasks.execution.SkipEmptySourceFilesTaskExecuter.execute(Lorg/gradle/api/internal/TaskInternal;Lorg/gradle/api/internal/tasks/TaskStateInternal;Lorg/gradle/api/internal/tasks/TaskExecutionContext;)V (341 bytes) @ 0x000000011cb17ed4 [0x000000011cb12500+0x59d4]
J 51661 C1 org.gradle.api.internal.tasks.execution.ResolveTaskArtifactStateTaskExecuter.execute(Lorg/gradle/api/internal/TaskInternal;Lorg/gradle/api/internal/tasks/TaskStateInternal;Lorg/gradle/api/internal/tasks/TaskExecutionContext;)V (136 bytes) @ 0x000000011606c9e4 [0x000000011606b6e0+0x1304]
J 50630 C1 org.gradle.api.internal.tasks.execution.SkipTaskWithNoActionsExecuter.execute(Lorg/gradle/api/internal/TaskInternal;Lorg/gradle/api/internal/tasks/TaskStateInternal;Lorg/gradle/api/internal/tasks/TaskExecutionContext;)V (130 bytes) @ 0x0000000119b7ffe4 [0x0000000119b7e6e0+0x1904]
j  org.gradle.api.internal.tasks.execution.SkipOnlyIfTaskExecuter.execute(Lorg/gradle/api/internal/TaskInternal;Lorg/gradle/api/internal/tasks/TaskStateInternal;Lorg/gradle/api/internal/tasks/TaskExecutionContext;)V+85
j  org.gradle.api.internal.tasks.execution.ExecuteAtMostOnceTaskExecuter.execute(Lorg/gradle/api/internal/TaskInternal;Lorg/gradle/api/internal/tasks/TaskStateInternal;Lorg/gradle/api/internal/tasks/TaskExecutionContext;)V+26
j  org.gradle.api.internal.tasks.execution.CatchExceptionTaskExecuter.execute(Lorg/gradle/api/internal/TaskInternal;Lorg/gradle/api/internal/tasks/TaskStateInternal;Lorg/gradle/api/internal/tasks/TaskExecutionContext;)V+7
j  org.gradle.execution.taskgraph.DefaultTaskGraphExecuter$EventFiringTaskWorker$1.run(Lorg/gradle/internal/operations/BuildOperationContext;)V+56
J 51476 C2 org.gradle.internal.progress.DefaultBuildOperationExecutor.execute(Lorg/gradle/internal/operations/BuildOperation;Lorg/gradle/internal/operations/BuildOperationWorker;Lorg/gradle/internal/progress/DefaultBuildOperationExecutor$DefaultBuildOperationState;)V (430 bytes) @ 0x000000011cafff04 [0x000000011caff060+0xea4]
J 12758 C1 org.gradle.internal.progress.DefaultBuildOperationExecutor.run(Lorg/gradle/internal/operations/RunnableBuildOperation;)V (38 bytes) @ 0x0000000116209c5c [0x0000000116209920+0x33c]
j  org.gradle.execution.taskgraph.DefaultTaskGraphExecuter$EventFiringTaskWorker.execute(Lorg/gradle/api/internal/TaskInternal;)V+16
j  org.gradle.execution.taskgraph.DefaultTaskGraphExecuter$EventFiringTaskWorker.execute(Ljava/lang/Object;)V+5
j  org.gradle.execution.taskgraph.DefaultTaskPlanExecutor$TaskExecutorWorker.processTask(Lorg/gradle/execution/taskgraph/TaskInfo;)V+8
j  org.gradle.execution.taskgraph.DefaultTaskPlanExecutor$TaskExecutorWorker.access$200(Lorg/gradle/execution/taskgraph/DefaultTaskPlanExecutor$TaskExecutorWorker;Lorg/gradle/execution/taskgraph/TaskInfo;)V+2
j  org.gradle.execution.taskgraph.DefaultTaskPlanExecutor$TaskExecutorWorker$1.execute(Lorg/gradle/execution/taskgraph/TaskInfo;)V+38
j  org.gradle.execution.taskgraph.DefaultTaskPlanExecutor$TaskExecutorWorker$1.execute(Ljava/lang/Object;)V+5
J 50159 C1 org.gradle.execution.taskgraph.DefaultTaskExecutionPlan.execute(Lorg/gradle/execution/taskgraph/TaskInfo;Lorg/gradle/internal/work/WorkerLeaseRegistry$WorkerLease;Lorg/gradle/api/Action;)V (86 bytes) @ 0x000000011c8c2c34 [0x000000011c8c29e0+0x254]
J 36788 C1 org.gradle.execution.taskgraph.DefaultTaskExecutionPlan.executeWithTask(Lorg/gradle/internal/work/WorkerLeaseRegistry$WorkerLease;Lorg/gradle/api/Action;)Z (62 bytes) @ 0x0000000119b19894 [0x0000000119b19320+0x574]
j  org.gradle.execution.taskgraph.DefaultTaskPlanExecutor$TaskExecutorWorker.run()V+52
J 35469 C2 org.gradle.internal.concurrent.ManagedExecutorImpl$1.run()V (57 bytes) @ 0x000000011464c378 [0x000000011464c240+0x138]
J 30982 C1 java.util.concurrent.ThreadPoolExecutor.runWorker(Ljava/util/concurrent/ThreadPoolExecutor$Worker;)V (225 bytes) @ 0x00000001193dea04 [0x00000001193dd9e0+0x1024]
J 36413 C1 java.util.concurrent.ThreadPoolExecutor$Worker.run()V (9 bytes) @ 0x0000000114890504 [0x0000000114890400+0x104]
j  org.gradle.internal.concurrent.ThreadFactoryImpl$ManagedThreadRunnable.run()V+7
J 35535 C1 java.lang.Thread.run()V (17 bytes) @ 0x0000000119b0d304 [0x0000000119b0d1c0+0x144]
v  ~StubRoutines::call_stub
V  [libjvm.dylib+0x2ea59a]  JavaCalls::call_helper(JavaValue*, methodHandle*, JavaCallArguments*, Thread*)+0x6ae
V  [libjvm.dylib+0x2ead28]  JavaCalls::call_virtual(JavaValue*, KlassHandle, Symbol*, Symbol*, JavaCallArguments*, Thread*)+0x164
V  [libjvm.dylib+0x2eaed4]  JavaCalls::call_virtual(JavaValue*, Handle, KlassHandle, Symbol*, Symbol*, Thread*)+0x4a
V  [libjvm.dylib+0x345451]  thread_entry(JavaThread*, Thread*)+0x7c
V  [libjvm.dylib+0x560e73]  JavaThread::thread_main_inner()+0x9b
V  [libjvm.dylib+0x56256e]  JavaThread::run()+0x1c2
V  [libjvm.dylib+0x482fc2]  java_start(Thread*)+0xf6
C  [libsystem_pthread.dylib+0x393b]  _pthread_body+0xb4
C  [libsystem_pthread.dylib+0x3887]  _pthread_body+0x0
C  [libsystem_pthread.dylib+0x308d]  thread_start+0xd
C  0x0000000000000000

Java frames: (J=compiled Java code, j=interpreted, Vv=VM code)
j  org.fusesource.jansi.internal.CLibrary.init()V+0
j  org.fusesource.jansi.internal.CLibrary.<clinit>()V+20
v  ~StubRoutines::call_stub
j  org.jetbrains.kotlin.cli.common.messages.PlainTextMessageRenderer.<clinit>()V+21
v  ~StubRoutines::call_stub
j  org.jetbrains.kotlin.cli.common.messages.MessageRenderer.<clinit>()V+10
v  ~StubRoutines::call_stub
j  org.jetbrains.kotlin.compilerRunner.GradleCompilerRunner$loggingMessageCollector$2$1.<init>(Lorg/jetbrains/kotlin/compilerRunner/GradleCompilerRunner$loggingMessageCollector$2;)V+10
j  org.jetbrains.kotlin.compilerRunner.GradleCompilerRunner$loggingMessageCollector$2.invoke()Lorg/jetbrains/kotlin/compilerRunner/GradleCompilerRunner$loggingMessageCollector$2$1;+5
j  org.jetbrains.kotlin.compilerRunner.GradleCompilerRunner$loggingMessageCollector$2.invoke()Ljava/lang/Object;+1
J 35217 C1 kotlin.SynchronizedLazyImpl.getValue()Ljava/lang/Object; (89 bytes) @ 0x0000000119e418cc [0x0000000119e41380+0x54c]
j  org.jetbrains.kotlin.compilerRunner.GradleCompilerRunner.getLoggingMessageCollector()Lorg/jetbrains/kotlin/cli/common/messages/MessageCollector;+14
j  org.jetbrains.kotlin.compilerRunner.GradleCompilerRunner.compileOutOfProcess([Ljava/lang/String;Ljava/lang/String;Lorg/jetbrains/kotlin/compilerRunner/GradleCompilerEnvironment;)Lorg/jetbrains/kotlin/cli/common/ExitCode;+238
j  org.jetbrains.kotlin.compilerRunner.GradleCompilerRunner.compileWithDaemonOrFallback(Ljava/lang/String;Lorg/jetbrains/kotlin/cli/common/arguments/CommonCompilerArguments;Lorg/jetbrains/kotlin/compilerRunner/GradleCompilerEnvironment;)Lorg/jetbrains/kotlin/cli/common/ExitCode;+584
j  org.jetbrains.kotlin.compilerRunner.GradleCompilerRunner.compileWithDaemonOrFallback(Ljava/lang/String;Lorg/jetbrains/kotlin/cli/common/arguments/CommonCompilerArguments;Lorg/jetbrains/kotlin/compilerRunner/CompilerEnvironment;)Lorg/jetbrains/kotlin/cli/common/ExitCode;+7
j  org.jetbrains.kotlin.compilerRunner.KotlinCompilerRunner.runCompiler(Ljava/lang/String;Lorg/jetbrains/kotlin/cli/common/arguments/CommonCompilerArguments;Lorg/jetbrains/kotlin/compilerRunner/CompilerEnvironment;)Lorg/jetbrains/kotlin/cli/common/ExitCode;+25
j  org.jetbrains.kotlin.compilerRunner.GradleCompilerRunner.runJvmCompiler(Ljava/util/List;Ljava/lang/Iterable;Lorg/jetbrains/kotlin/cli/common/arguments/K2JVMCompilerArguments;Lorg/jetbrains/kotlin/compilerRunner/GradleCompilerEnvironment;)Lorg/jetbrains/kotlin/cli/common/ExitCode;+234
j  org.jetbrains.kotlin.gradle.tasks.KotlinCompile.callCompiler$kotlin_gradle_plugin(Lorg/jetbrains/kotlin/cli/common/arguments/K2JVMCompilerArguments;Lorg/jetbrains/kotlin/gradle/tasks/SourceRoots;Lorg/jetbrains/kotlin/incremental/ChangedFiles;)V+291
j  org.jetbrains.kotlin.gradle.tasks.KotlinCompile.callCompiler$kotlin_gradle_plugin(Lorg/jetbrains/kotlin/cli/common/arguments/CommonCompilerArguments;Lorg/jetbrains/kotlin/gradle/tasks/SourceRoots;Lorg/jetbrains/kotlin/incremental/ChangedFiles;)V+7
j  org.jetbrains.kotlin.gradle.tasks.AbstractKotlinCompile.execute(Lorg/gradle/api/tasks/incremental/IncrementalTaskInputs;)V+189
v  ~StubRoutines::call_stub
J 3510  sun.reflect.NativeMethodAccessorImpl.invoke0(Ljava/lang/reflect/Method;Ljava/lang/Object;[Ljava/lang/Object;)Ljava/lang/Object; (0 bytes) @ 0x0000000114b2e377 [0x0000000114b2e300+0x77]
J 25584 C2 sun.reflect.NativeMethodAccessorImpl.invoke(Ljava/lang/Object;[Ljava/lang/Object;)Ljava/lang/Object; (104 bytes) @ 0x0000000116155634 [0x00000001161555c0+0x74]
J 33114 C2 org.gradle.internal.reflect.JavaMethod.invoke(Ljava/lang/Object;[Ljava/lang/Object;)Ljava/lang/Object; (74 bytes) @ 0x0000000117dd2998 [0x0000000117dd2900+0x98]
j  org.gradle.api.internal.project.taskfactory.DefaultTaskClassInfoStore$IncrementalTaskAction.doExecute(Lorg/gradle/api/Task;Ljava/lang/String;)V+35
j  org.gradle.api.internal.project.taskfactory.DefaultTaskClassInfoStore$StandardTaskAction.execute(Lorg/gradle/api/Task;)V+32
j  org.gradle.api.internal.project.taskfactory.DefaultTaskClassInfoStore$StandardTaskAction.execute(Ljava/lang/Object;)V+5
J 25439 C1 org.gradle.api.internal.tasks.execution.ExecuteActionsTaskExecuter$1.run(Lorg/gradle/internal/operations/BuildOperationContext;)V (195 bytes) @ 0x00000001175f24f4 [0x00000001175f2140+0x3b4]
J 51476 C2 org.gradle.internal.progress.DefaultBuildOperationExecutor.execute(Lorg/gradle/internal/operations/BuildOperation;Lorg/gradle/internal/operations/BuildOperationWorker;Lorg/gradle/internal/progress/DefaultBuildOperationExecutor$DefaultBuildOperationState;)V (430 bytes) @ 0x000000011cafff04 [0x000000011caff060+0xea4]
J 12758 C1 org.gradle.internal.progress.DefaultBuildOperationExecutor.run(Lorg/gradle/internal/operations/RunnableBuildOperation;)V (38 bytes) @ 0x0000000116209c5c [0x0000000116209920+0x33c]
J 45150 C1 org.gradle.api.internal.tasks.execution.ExecuteActionsTaskExecuter.executeActions(Lorg/gradle/api/internal/TaskInternal;Lorg/gradle/api/internal/tasks/TaskStateInternal;Lorg/gradle/api/internal/tasks/TaskExecutionContext;)Lorg/gradle/api/GradleException; (267 bytes) @ 0x000000011abae1bc [0x000000011ababfa0+0x221c]
j  org.gradle.api.internal.tasks.execution.ExecuteActionsTaskExecuter.execute(Lorg/gradle/api/internal/TaskInternal;Lorg/gradle/api/internal/tasks/TaskStateInternal;Lorg/gradle/api/internal/tasks/TaskExecutionContext;)V+42
J 51712 C1 org.gradle.api.internal.tasks.execution.SkipUpToDateTaskExecuter.execute(Lorg/gradle/api/internal/TaskInternal;Lorg/gradle/api/internal/tasks/TaskStateInternal;Lorg/gradle/api/internal/tasks/TaskExecutionContext;)V (141 bytes) @ 0x000000011cb4322c [0x000000011cb414e0+0x1d4c]
J 45190 C1 org.gradle.api.internal.tasks.execution.ResolveTaskOutputCachingStateExecuter.execute(Lorg/gradle/api/internal/TaskInternal;Lorg/gradle/api/internal/tasks/TaskStateInternal;Lorg/gradle/api/internal/tasks/TaskExecutionContext;)V (102 bytes) @ 0x000000011a73023c [0x000000011a72ec40+0x15fc]
J 45189 C1 org.gradle.api.internal.tasks.execution.ValidatingTaskExecuter.execute(Lorg/gradle/api/internal/TaskInternal;Lorg/gradle/api/internal/tasks/TaskStateInternal;Lorg/gradle/api/internal/tasks/TaskExecutionContext;)V (221 bytes) @ 0x000000011a734d3c [0x000000011a731fa0+0x2d9c]
J 51663 C1 org.gradle.api.internal.tasks.execution.SkipEmptySourceFilesTaskExecuter.execute(Lorg/gradle/api/internal/TaskInternal;Lorg/gradle/api/internal/tasks/TaskStateInternal;Lorg/gradle/api/internal/tasks/TaskExecutionContext;)V (341 bytes) @ 0x000000011cb17ed4 [0x000000011cb12500+0x59d4]
J 51661 C1 org.gradle.api.internal.tasks.execution.ResolveTaskArtifactStateTaskExecuter.execute(Lorg/gradle/api/internal/TaskInternal;Lorg/gradle/api/internal/tasks/TaskStateInternal;Lorg/gradle/api/internal/tasks/TaskExecutionContext;)V (136 bytes) @ 0x000000011606c9e4 [0x000000011606b6e0+0x1304]
J 50630 C1 org.gradle.api.internal.tasks.execution.SkipTaskWithNoActionsExecuter.execute(Lorg/gradle/api/internal/TaskInternal;Lorg/gradle/api/internal/tasks/TaskStateInternal;Lorg/gradle/api/internal/tasks/TaskExecutionContext;)V (130 bytes) @ 0x0000000119b7ffe4 [0x0000000119b7e6e0+0x1904]
j  org.gradle.api.internal.tasks.execution.SkipOnlyIfTaskExecuter.execute(Lorg/gradle/api/internal/TaskInternal;Lorg/gradle/api/internal/tasks/TaskStateInternal;Lorg/gradle/api/internal/tasks/TaskExecutionContext;)V+85
j  org.gradle.api.internal.tasks.execution.ExecuteAtMostOnceTaskExecuter.execute(Lorg/gradle/api/internal/TaskInternal;Lorg/gradle/api/internal/tasks/TaskStateInternal;Lorg/gradle/api/internal/tasks/TaskExecutionContext;)V+26
j  org.gradle.api.internal.tasks.execution.CatchExceptionTaskExecuter.execute(Lorg/gradle/api/internal/TaskInternal;Lorg/gradle/api/internal/tasks/TaskStateInternal;Lorg/gradle/api/internal/tasks/TaskExecutionContext;)V+7
j  org.gradle.execution.taskgraph.DefaultTaskGraphExecuter$EventFiringTaskWorker$1.run(Lorg/gradle/internal/operations/BuildOperationContext;)V+56
J 51476 C2 org.gradle.internal.progress.DefaultBuildOperationExecutor.execute(Lorg/gradle/internal/operations/BuildOperation;Lorg/gradle/internal/operations/BuildOperationWorker;Lorg/gradle/internal/progress/DefaultBuildOperationExecutor$DefaultBuildOperationState;)V (430 bytes) @ 0x000000011cafff04 [0x000000011caff060+0xea4]
J 12758 C1 org.gradle.internal.progress.DefaultBuildOperationExecutor.run(Lorg/gradle/internal/operations/RunnableBuildOperation;)V (38 bytes) @ 0x0000000116209c5c [0x0000000116209920+0x33c]
j  org.gradle.execution.taskgraph.DefaultTaskGraphExecuter$EventFiringTaskWorker.execute(Lorg/gradle/api/internal/TaskInternal;)V+16
j  org.gradle.execution.taskgraph.DefaultTaskGraphExecuter$EventFiringTaskWorker.execute(Ljava/lang/Object;)V+5
j  org.gradle.execution.taskgraph.DefaultTaskPlanExecutor$TaskExecutorWorker.processTask(Lorg/gradle/execution/taskgraph/TaskInfo;)V+8
j  org.gradle.execution.taskgraph.DefaultTaskPlanExecutor$TaskExecutorWorker.access$200(Lorg/gradle/execution/taskgraph/DefaultTaskPlanExecutor$TaskExecutorWorker;Lorg/gradle/execution/taskgraph/TaskInfo;)V+2
j  org.gradle.execution.taskgraph.DefaultTaskPlanExecutor$TaskExecutorWorker$1.execute(Lorg/gradle/execution/taskgraph/TaskInfo;)V+38
j  org.gradle.execution.taskgraph.DefaultTaskPlanExecutor$TaskExecutorWorker$1.execute(Ljava/lang/Object;)V+5
J 50159 C1 org.gradle.execution.taskgraph.DefaultTaskExecutionPlan.execute(Lorg/gradle/execution/taskgraph/TaskInfo;Lorg/gradle/internal/work/WorkerLeaseRegistry$WorkerLease;Lorg/gradle/api/Action;)V (86 bytes) @ 0x000000011c8c2c34 [0x000000011c8c29e0+0x254]
J 36788 C1 org.gradle.execution.taskgraph.DefaultTaskExecutionPlan.executeWithTask(Lorg/gradle/internal/work/WorkerLeaseRegistry$WorkerLease;Lorg/gradle/api/Action;)Z (62 bytes) @ 0x0000000119b19894 [0x0000000119b19320+0x574]
j  org.gradle.execution.taskgraph.DefaultTaskPlanExecutor$TaskExecutorWorker.run()V+52
J 35469 C2 org.gradle.internal.concurrent.ManagedExecutorImpl$1.run()V (57 bytes) @ 0x000000011464c378 [0x000000011464c240+0x138]
J 30982 C1 java.util.concurrent.ThreadPoolExecutor.runWorker(Ljava/util/concurrent/ThreadPoolExecutor$Worker;)V (225 bytes) @ 0x00000001193dea04 [0x00000001193dd9e0+0x1024]
J 36413 C1 java.util.concurrent.ThreadPoolExecutor$Worker.run()V (9 bytes) @ 0x0000000114890504 [0x0000000114890400+0x104]
j  org.gradle.internal.concurrent.ThreadFactoryImpl$ManagedThreadRunnable.run()V+7
J 35535 C1 java.lang.Thread.run()V (17 bytes) @ 0x0000000119b0d304 [0x0000000119b0d1c0+0x144]
v  ~StubRoutines::call_stub

---------------  P R O C E S S  ---------------

Java Threads: ( => current thread )
  0x00007fcc014ec800 JavaThread "RMI TCP Connection(425)-127.0.0.1" daemon [_thread_in_native, id=63779, stack(0x000070000f89f000,0x000070000f99f000)]
  0x00007fcc0125f000 JavaThread "RMI RenewClean-[127.0.0.1:17200,org.jetbrains.kotlin.daemon.common.LoopbackNetworkInterface$ClientLoopbackSocketFactory@5c526fc9]" daemon [_thread_blocked, id=4895, stack(0x000070000f79c000,0x000070000f89c000)]
  0x00007fcbfbea9800 JavaThread "RMI TCP Connection(424)-127.0.0.1" daemon [_thread_in_native, id=45367, stack(0x000070000e972000,0x000070000ea72000)]
  0x00007fcc088cf000 JavaThread "RMI RenewClean-[127.0.0.1:17200,org.jetbrains.kotlin.daemon.common.LoopbackNetworkInterface$ClientLoopbackSocketFactory@4e925e88]" daemon [_thread_blocked, id=23835, stack(0x000070000f596000,0x000070000f696000)]
  0x00007fcc03350000 JavaThread "RMI RenewClean-[127.0.0.1:17200,org.jetbrains.kotlin.daemon.common.LoopbackNetworkInterface$ClientLoopbackSocketFactory@73ea49c6]" daemon [_thread_blocked, id=60727, stack(0x000070000f493000,0x000070000f593000)]
  0x00007fcbfeef1800 JavaThread "ForkJoinPool.commonPool-worker-5" daemon [_thread_blocked, id=24091, stack(0x000070000f28d000,0x000070000f38d000)]
  0x00007fcbfd76b000 JavaThread "ForkJoinPool.commonPool-worker-4" daemon [_thread_blocked, id=57655, stack(0x000070000f18a000,0x000070000f28a000)]
  0x00007fcc03599800 JavaThread "ForkJoinPool.commonPool-worker-3" daemon [_thread_blocked, id=67123, stack(0x000070000f087000,0x000070000f187000)]
  0x00007fcc07160800 JavaThread "Task worker for ':' Thread 7" [_thread_blocked, id=37187, stack(0x000070000e86f000,0x000070000e96f000)]
  0x00007fcbfc776800 JavaThread "Task worker for ':' Thread 6" [_thread_blocked, id=60243, stack(0x000070000e76c000,0x000070000e86c000)]
  0x00007fcc082aa800 JavaThread "Task worker for ':' Thread 5" [_thread_blocked, id=30779, stack(0x000070000e669000,0x000070000e769000)]
  0x00007fcbfc192800 JavaThread "Task worker for ':' Thread 4" [_thread_blocked, id=36703, stack(0x000070000e566000,0x000070000e666000)]
  0x00007fcc08e84800 JavaThread "Task worker for ':' Thread 3" [_thread_blocked, id=44863, stack(0x000070000e463000,0x000070000e563000)]
  0x00007fcc06a19800 JavaThread "Task worker for ':' Thread 2" [_thread_blocked, id=54583, stack(0x000070000e360000,0x000070000e460000)]
=>0x00007fcc03441000 JavaThread "Task worker for ':'" [_thread_in_vm, id=37475, stack(0x000070000e25d000,0x000070000e35d000)]
  0x00007fcbff268000 JavaThread "Cache worker for task history cache (/Users/cybozu/workspace/red/.gradle/4.1-rc-1/taskHistory)" [_thread_blocked, id=43587, stack(0x000070000e15a000,0x000070000e25a000)]
  0x00007fcbfd730000 JavaThread "Cache worker for file content cache (/Users/cybozu/workspace/red/.gradle/4.1-rc-1/fileContent)" [_thread_blocked, id=31815, stack(0x000070000e057000,0x000070000e157000)]
  0x00007fcc06810000 JavaThread "build operations Thread 8" [_thread_blocked, id=24623, stack(0x000070000df54000,0x000070000e054000)]
  0x00007fcc0847a800 JavaThread "build operations Thread 7" [_thread_blocked, id=59459, stack(0x000070000de51000,0x000070000df51000)]
  0x00007fcbfbab0000 JavaThread "build operations Thread 6" [_thread_blocked, id=38435, stack(0x000070000da45000,0x000070000db45000)]
  0x00007fcc08c21000 JavaThread "build operations Thread 5" [_thread_blocked, id=40099, stack(0x000070000d942000,0x000070000da42000)]
  0x00007fcc08db0800 JavaThread "build operations Thread 4" [_thread_blocked, id=28471, stack(0x000070000d83f000,0x000070000d93f000)]
  0x00007fcc08a58800 JavaThread "build operations Thread 3" [_thread_blocked, id=52823, stack(0x000070000d73c000,0x000070000d83c000)]
  0x00007fcc02197000 JavaThread "build operations Thread 2" [_thread_blocked, id=59735, stack(0x000070000d639000,0x000070000d739000)]
  0x00007fcbfc79c000 JavaThread "build operations" [_thread_blocked, id=44387, stack(0x000070000d536000,0x000070000d636000)]
  0x00007fcc06d78000 JavaThread "Cache worker for Artifact transforms cache (/Users/cybozu/.gradle/caches/transforms-1)" [_thread_blocked, id=59203, stack(0x000070000d433000,0x000070000d533000)]
  0x00007fcbfbefd000 JavaThread "Cache worker for file hash cache (/Users/cybozu/workspace/red/.gradle/4.1-rc-1/fileHashes)" [_thread_blocked, id=67631, stack(0x000070000d330000,0x000070000d430000)]
  0x00007fcbfc089800 JavaThread "Stdin handler" [_thread_blocked, id=28043, stack(0x000070000d22d000,0x000070000d32d000)]
  0x00007fcbfbfd9000 JavaThread "Asynchronous log dispatcher for DefaultDaemonConnection: socket connection from /0:0:0:0:0:0:0:1:64113 to /0:0:0:0:0:0:0:1:58923" [_thread_blocked, id=56643, stack(0x000070000d12a000,0x000070000d22a000)]
  0x00007fcc017be800 JavaThread "Daemon worker Thread 11" [_thread_blocked, id=26195, stack(0x000070000ce21000,0x000070000cf21000)]
  0x00007fcc014bb000 JavaThread "Cancel handler" [_thread_blocked, id=29479, stack(0x000070000cd1e000,0x000070000ce1e000)]
  0x00007fcc020e5800 JavaThread "Handler for socket connection from /0:0:0:0:0:0:0:1:64113 to /0:0:0:0:0:0:0:1:58923" [_thread_in_native, id=41331, stack(0x000070000cc1b000,0x000070000cd1b000)]
  0x00007fcc02272800 JavaThread "Daemon Thread 11" [_thread_blocked, id=52023, stack(0x000070000cb18000,0x000070000cc18000)]
  0x00007fcbfd3e3800 JavaThread "RMI TCP Connection(423)-127.0.0.1" daemon [_thread_in_native, id=39755, stack(0x000070000ca15000,0x000070000cb15000)]
  0x00007fcbfc6fd800 JavaThread "RMI TCP Connection(422)-127.0.0.1" daemon [_thread_in_native, id=58955, stack(0x000070000c912000,0x000070000ca12000)]
  0x00007fcbff109000 JavaThread "RMI RenewClean-[127.0.0.1:17200,org.jetbrains.kotlin.daemon.common.LoopbackNetworkInterface$ClientLoopbackSocketFactory@52da6146]" daemon [_thread_blocked, id=63295, stack(0x000070000ec7b000,0x000070000ed7b000)]
  0x00007fcc08940800 JavaThread "RMI RenewClean-[127.0.0.1:17200,org.jetbrains.kotlin.daemon.common.LoopbackNetworkInterface$ClientLoopbackSocketFactory@242df5f3]" daemon [_thread_blocked, id=32827, stack(0x000070000ea75000,0x000070000eb75000)]
  0x00007fcc06291000 JavaThread "RMI TCP Accept-0" daemon [_thread_in_native, id=26635, stack(0x000070000f390000,0x000070000f490000)]
  0x00007fcbfc742000 JavaThread "pool-5-thread-1" [_thread_blocked, id=61195, stack(0x000070000dd4e000,0x000070000de4e000)]
  0x00007fcc01727000 JavaThread "Java2D Disposer" daemon [_thread_blocked, id=50471, stack(0x000070000f699000,0x000070000f799000)]
  0x00007fcc04019800 JavaThread "AWT-AppKit" daemon [_thread_in_native, id=775, stack(0x00007fff57e21000,0x00007fff58621000)]
  0x00007fcbff18e800 JavaThread "RMI Reaper" [_thread_blocked, id=42755, stack(0x000070000ef84000,0x000070000f084000)]
  0x00007fcbfc063800 JavaThread "RMI TCP Accept-0" daemon [_thread_in_native, id=42243, stack(0x000070000ee81000,0x000070000ef81000)]
  0x00007fcc01149000 JavaThread "GC Daemon" daemon [_thread_blocked, id=41731, stack(0x000070000ed7e000,0x000070000ee7e000)]
  0x00007fcc04937800 JavaThread "RMI Scheduler(0)" daemon [_thread_blocked, id=40711, stack(0x000070000eb78000,0x000070000ec78000)]
  0x00007fcc049f0000 JavaThread "process reaper" daemon [_thread_in_native, id=40195, stack(0x000070000b1ca000,0x000070000b1f2000)]
  0x00007fcc0070d800 JavaThread "Memory manager" [_thread_blocked, id=33539, stack(0x000070000dc4b000,0x000070000dd4b000)]
  0x00007fcbff238000 JavaThread "pool-1-thread-1" [_thread_blocked, id=33027, stack(0x000070000db48000,0x000070000dc48000)]
  0x00007fcbfba83000 JavaThread "File lock request listener" [_thread_in_native, id=27395, stack(0x000070000d027000,0x000070000d127000)]
  0x00007fcbfc5e3000 JavaThread "Cache worker for file hash cache (/Users/cybozu/.gradle/caches/4.1-rc-1/fileHashes)" [_thread_blocked, id=26883, stack(0x000070000cf24000,0x000070000d024000)]
  0x00007fcbfb8b9800 JavaThread "Daemon periodic checks" [_thread_blocked, id=23299, stack(0x000070000c80f000,0x000070000c90f000)]
  0x00007fcbfc5d5000 JavaThread "Incoming local TCP Connector on port 64113" [_thread_in_native, id=22787, stack(0x000070000c70c000,0x000070000c80c000)]
  0x00007fcbfc5d8800 JavaThread "Daemon health stats" [_thread_blocked, id=22275, stack(0x000070000c609000,0x000070000c709000)]
  0x00007fcbfc021800 JavaThread "Service Thread" daemon [_thread_blocked, id=21251, stack(0x000070000c403000,0x000070000c503000)]
  0x00007fcbfc857000 JavaThread "C1 CompilerThread3" daemon [_thread_blocked, id=20739, stack(0x000070000c300000,0x000070000c400000)]
  0x00007fcbfc82d000 JavaThread "C2 CompilerThread2" daemon [_thread_blocked, id=20227, stack(0x000070000c1fd000,0x000070000c2fd000)]
  0x00007fcbfb81a000 JavaThread "C2 CompilerThread1" daemon [_thread_blocked, id=19715, stack(0x000070000c0fa000,0x000070000c1fa000)]
  0x00007fcbfd037000 JavaThread "C2 CompilerThread0" daemon [_thread_blocked, id=19203, stack(0x000070000bff7000,0x000070000c0f7000)]
  0x00007fcbfd044000 JavaThread "Signal Dispatcher" daemon [_thread_blocked, id=18691, stack(0x000070000bef4000,0x000070000bff4000)]
  0x00007fcbfc826800 JavaThread "Finalizer" daemon [_thread_blocked, id=14339, stack(0x000070000bd6e000,0x000070000be6e000)]
  0x00007fcbfc825800 JavaThread "Reference Handler" daemon [_thread_blocked, id=13827, stack(0x000070000bc6b000,0x000070000bd6b000)]
  0x00007fcbfc803000 JavaThread "main" [_thread_blocked, id=6915, stack(0x000070000b24d000,0x000070000b34d000)]

Other Threads:
  0x00007fcbfc01f000 VMThread [stack: 0x000070000bb68000,0x000070000bc68000] [id=13315]
  0x00007fcbfc023000 WatcherThread [stack: 0x000070000c506000,0x000070000c606000] [id=21763]

VM state:not at safepoint (normal execution)

VM Mutex/Monitor currently owned by a thread: None

Heap:
 PSYoungGen      total 1238528K, used 951529K [0x000000076bb00000, 0x00000007bf400000, 0x00000007c0000000)
  eden space 1230848K, 77% used [0x000000076bb00000,0x00000007a5c3a5d0,0x00000007b6d00000)
  from space 7680K, 0% used [0x00000007b6d00000,0x00000007b6d00000,0x00000007b7480000)
  to   space 69120K, 0% used [0x00000007bb080000,0x00000007bb080000,0x00000007bf400000)
 ParOldGen       total 454144K, used 115924K [0x00000006c3000000, 0x00000006deb80000, 0x000000076bb00000)
  object space 454144K, 25% used [0x00000006c3000000,0x00000006ca135060,0x00000006deb80000)
 Metaspace       used 198058K, capacity 207086K, committed 217932K, reserved 1236992K
  class space    used 25003K, capacity 26492K, committed 31348K, reserved 1048576K

Card table byte_map: [0x0000000109b4f000,0x000000010a338000] byte_map_base: 0x0000000106537000

Marking Bits: (ParMarkBitMap*) 0x00000001090e3ea0
 Begin Bits: [0x000000010a87e000, 0x000000010e7be000)
 End Bits:   [0x000000010e7be000, 0x00000001126fe000)

Polling page: 0x000000010769f000

CodeCache: size=245760Kb used=142496Kb max_used=142616Kb free=103263Kb
 bounds [0x0000000113f57000, 0x000000011cb87000, 0x0000000122f57000]
 total_blobs=37257 nmethods=36306 adapters=860
 compilation: enabled

Compilation events (10 events):
Event: 12882.516 Thread 0x00007fcbfc857000 51934       3       org.gradle.internal.io.StreamByteBuffer$StreamByteBufferChunk::readToNioBuffer (73 bytes)
Event: 12882.516 Thread 0x00007fcbfb81a000 51936   !   4       java.nio.charset.CharsetDecoder::decode (287 bytes)
Event: 12882.517 Thread 0x00007fcbfc857000 nmethod 51934 0x00000001143832d0 code [0x00000001143834c0, 0x0000000114383c18]
Event: 12882.529 Thread 0x00007fcbfc857000 51935       3       org.gradle.internal.io.StreamByteBuffer::clear (25 bytes)
Event: 12882.537 Thread 0x00007fcbfc857000 nmethod 51935 0x0000000114243310 code [0x0000000114243480, 0x0000000114243748]
Event: 12882.541 Thread 0x00007fcbfb81a000 nmethod 51936 0x0000000115e93e10 code [0x0000000115e94040, 0x0000000115e94910]
Event: 12882.621 Thread 0x00007fcbfc857000 51937   !   3       java.io.PrintStream::newLine (73 bytes)
Event: 12882.623 Thread 0x00007fcbfc857000 nmethod 51937 0x000000011473e5d0 code [0x000000011473e7e0, 0x000000011473f298]
Event: 12882.666 Thread 0x00007fcbfc857000 51938       1       java.lang.Throwable::getMessage (5 bytes)
Event: 12882.666 Thread 0x00007fcbfc857000 nmethod 51938 0x0000000114a37f10 code [0x0000000114a38060, 0x0000000114a38170]

GC Heap History (10 events):
Event: 7770.475 GC heap before
{Heap before GC invocations=87 (full 6):
 PSYoungGen      total 1299968K, used 1216063K [0x000000076bb00000, 0x00000007c0000000, 0x00000007c0000000)
  eden space 1227776K, 94% used [0x000000076bb00000,0x00000007b2d21e18,0x00000007b6a00000)
  from space 72192K, 70% used [0x00000007bb980000,0x00000007beaee1a8,0x00000007c0000000)
  to   space 76800K, 0% used [0x00000007b6a00000,0x00000007b6a00000,0x00000007bb500000)
 ParOldGen       total 454144K, used 333156K [0x00000006c3000000, 0x00000006deb80000, 0x000000076bb00000)
  object space 454144K, 73% used [0x00000006c3000000,0x00000006d75593a8,0x00000006deb80000)
 Metaspace       used 222829K, capacity 232024K, committed 232268K, reserved 1251328K
  class space    used 29685K, capacity 31246K, committed 31348K, reserved 1048576K
Event: 7771.629 GC heap after
Heap after GC invocations=87 (full 6):
 PSYoungGen      total 1304576K, used 32590K [0x000000076bb00000, 0x00000007c0000000, 0x00000007c0000000)
  eden space 1227776K, 0% used [0x000000076bb00000,0x000000076bb00000,0x00000007b6a00000)
  from space 76800K, 42% used [0x00000007b6a00000,0x00000007b89d3800,0x00000007bb500000)
  to   space 73728K, 0% used [0x00000007bb800000,0x00000007bb800000,0x00000007c0000000)
 ParOldGen       total 454144K, used 360025K [0x00000006c3000000, 0x00000006deb80000, 0x000000076bb00000)
  object space 454144K, 79% used [0x00000006c3000000,0x00000006d8f964c0,0x00000006deb80000)
 Metaspace       used 222829K, capacity 232024K, committed 232268K, reserved 1251328K
  class space    used 29685K, capacity 31246K, committed 31348K, reserved 1048576K
}
Event: 7771.629 GC heap before
{Heap before GC invocations=88 (full 7):
 PSYoungGen      total 1304576K, used 32590K [0x000000076bb00000, 0x00000007c0000000, 0x00000007c0000000)
  eden space 1227776K, 0% used [0x000000076bb00000,0x000000076bb00000,0x00000007b6a00000)
  from space 76800K, 42% used [0x00000007b6a00000,0x00000007b89d3800,0x00000007bb500000)
  to   space 73728K, 0% used [0x00000007bb800000,0x00000007bb800000,0x00000007c0000000)
 ParOldGen       total 454144K, used 360025K [0x00000006c3000000, 0x00000006deb80000, 0x000000076bb00000)
  object space 454144K, 79% used [0x00000006c3000000,0x00000006d8f964c0,0x00000006deb80000)
 Metaspace       used 222829K, capacity 232024K, committed 232268K, reserved 1251328K
  class space    used 29685K, capacity 31246K, committed 31348K, reserved 1048576K
Event: 7774.115 GC heap after
Heap after GC invocations=88 (full 7):
 PSYoungGen      total 1304576K, used 0K [0x000000076bb00000, 0x00000007c0000000, 0x00000007c0000000)
  eden space 1227776K, 0% used [0x000000076bb00000,0x000000076bb00000,0x00000007b6a00000)
  from space 76800K, 0% used [0x00000007b6a00000,0x00000007b6a00000,0x00000007bb500000)
  to   space 73728K, 0% used [0x00000007bb800000,0x00000007bb800000,0x00000007c0000000)
 ParOldGen       total 454144K, used 194428K [0x00000006c3000000, 0x00000006deb80000, 0x000000076bb00000)
  object space 454144K, 42% used [0x00000006c3000000,0x00000006ceddf020,0x00000006deb80000)
 Metaspace       used 197148K, capacity 205474K, committed 217932K, reserved 1236992K
  class space    used 24881K, capacity 26268K, committed 31348K, reserved 1048576K
}
Event: 10793.663 GC heap before
{Heap before GC invocations=89 (full 7):
 PSYoungGen      total 1304576K, used 1227776K [0x000000076bb00000, 0x00000007c0000000, 0x00000007c0000000)
  eden space 1227776K, 100% used [0x000000076bb00000,0x00000007b6a00000,0x00000007b6a00000)
  from space 76800K, 0% used [0x00000007b6a00000,0x00000007b6a00000,0x00000007bb500000)
  to   space 73728K, 0% used [0x00000007bb800000,0x00000007bb800000,0x00000007c0000000)
 ParOldGen       total 454144K, used 194428K [0x00000006c3000000, 0x00000006deb80000, 0x000000076bb00000)
  object space 454144K, 42% used [0x00000006c3000000,0x00000006ceddf020,0x00000006deb80000)
 Metaspace       used 197780K, capacity 206570K, committed 217932K, reserved 1236992K
  class space    used 24979K, capacity 26428K, committed 31348K, reserved 1048576K
Event: 10794.324 GC heap after
Heap after GC invocations=89 (full 7):
 PSYoungGen      total 1293312K, used 26490K [0x000000076bb00000, 0x00000007bf500000, 0x00000007c0000000)
  eden space 1230848K, 0% used [0x000000076bb00000,0x000000076bb00000,0x00000007b6d00000)
  from space 62464K, 42% used [0x00000007bb800000,0x00000007bd1de9e0,0x00000007bf500000)
  to   space 69632K, 0% used [0x00000007b6d00000,0x00000007b6d00000,0x00000007bb100000)
 ParOldGen       total 454144K, used 194436K [0x00000006c3000000, 0x00000006deb80000, 0x000000076bb00000)
  object space 454144K, 42% used [0x00000006c3000000,0x00000006cede1020,0x00000006deb80000)
 Metaspace       used 197780K, capacity 206570K, committed 217932K, reserved 1236992K
  class space    used 24979K, capacity 26428K, committed 31348K, reserved 1048576K
}
Event: 11374.123 GC heap before
{Heap before GC invocations=90 (full 7):
 PSYoungGen      total 1293312K, used 517133K [0x000000076bb00000, 0x00000007bf500000, 0x00000007c0000000)
  eden space 1230848K, 39% used [0x000000076bb00000,0x0000000789a24de8,0x00000007b6d00000)
  from space 62464K, 42% used [0x00000007bb800000,0x00000007bd1de9e0,0x00000007bf500000)
  to   space 69632K, 0% used [0x00000007b6d00000,0x00000007b6d00000,0x00000007bb100000)
 ParOldGen       total 454144K, used 194436K [0x00000006c3000000, 0x00000006deb80000, 0x000000076bb00000)
  object space 454144K, 42% used [0x00000006c3000000,0x00000006cede1020,0x00000006deb80000)
 Metaspace       used 198062K, capacity 207142K, committed 217932K, reserved 1236992K
  class space    used 25018K, capacity 26528K, committed 31348K, reserved 1048576K
Event: 11374.957 GC heap after
Heap after GC invocations=90 (full 7):
 PSYoungGen      total 1238528K, used 7402K [0x000000076bb00000, 0x00000007bf400000, 0x00000007c0000000)
  eden space 1230848K, 0% used [0x000000076bb00000,0x000000076bb00000,0x00000007b6d00000)
  from space 7680K, 96% used [0x00000007b6d00000,0x00000007b743ab48,0x00000007b7480000)
  to   space 69120K, 0% used [0x00000007bb080000,0x00000007bb080000,0x00000007bf400000)
 ParOldGen       total 454144K, used 195055K [0x00000006c3000000, 0x00000006deb80000, 0x000000076bb00000)
  object space 454144K, 42% used [0x00000006c3000000,0x00000006cee7bd90,0x00000006deb80000)
 Metaspace       used 198062K, capacity 207142K, committed 217932K, reserved 1236992K
  class space    used 25018K, capacity 26528K, committed 31348K, reserved 1048576K
}
Event: 11374.957 GC heap before
{Heap before GC invocations=91 (full 8):
 PSYoungGen      total 1238528K, used 7402K [0x000000076bb00000, 0x00000007bf400000, 0x00000007c0000000)
  eden space 1230848K, 0% used [0x000000076bb00000,0x000000076bb00000,0x00000007b6d00000)
  from space 7680K, 96% used [0x00000007b6d00000,0x00000007b743ab48,0x00000007b7480000)
  to   space 69120K, 0% used [0x00000007bb080000,0x00000007bb080000,0x00000007bf400000)
 ParOldGen       total 454144K, used 195055K [0x00000006c3000000, 0x00000006deb80000, 0x000000076bb00000)
  object space 454144K, 42% used [0x00000006c3000000,0x00000006cee7bd90,0x00000006deb80000)
 Metaspace       used 198062K, capacity 207142K, committed 217932K, reserved 1236992K
  class space    used 25018K, capacity 26528K, committed 31348K, reserved 1048576K
Event: 11378.599 GC heap after
Heap after GC invocations=91 (full 8):
 PSYoungGen      total 1238528K, used 0K [0x000000076bb00000, 0x00000007bf400000, 0x00000007c0000000)
  eden space 1230848K, 0% used [0x000000076bb00000,0x000000076bb00000,0x00000007b6d00000)
  from space 7680K, 0% used [0x00000007b6d00000,0x00000007b6d00000,0x00000007b7480000)
  to   space 69120K, 0% used [0x00000007bb080000,0x00000007bb080000,0x00000007bf400000)
 ParOldGen       total 454144K, used 115924K [0x00000006c3000000, 0x00000006deb80000, 0x000000076bb00000)
  object space 454144K, 25% used [0x00000006c3000000,0x00000006ca135060,0x00000006deb80000)
 Metaspace       used 197879K, capacity 206846K, committed 217932K, reserved 1236992K
  class space    used 24987K, capacity 26474K, committed 31348K, reserved 1048576K
}

Deoptimization events (10 events):
Event: 10953.230 Thread 0x00007fcbfbbb9000 Uncommon trap: reason=unstable_if action=reinterpret pc=0x0000000119be11d8 method=com.sun.org.apache.xerces.internal.dom.DeferredDocumentImpl.getPrevSibling(IZ)I @ 86
Event: 10953.230 Thread 0x00007fcbfbbb9000 Uncommon trap: reason=unstable_if action=reinterpret pc=0x000000011ba61e34 method=com.sun.org.apache.xerces.internal.dom.DeferredDocumentImpl.getNodeValueString(IZ)Ljava/lang/String; @ 97
Event: 10953.236 Thread 0x00007fcbfbbb9000 Uncommon trap: reason=unstable_if action=reinterpret pc=0x000000011521f928 method=com.sun.org.apache.xerces.internal.dom.DeferredDocumentImpl.getPrevSibling(IZ)I @ 86
Event: 12066.177 Thread 0x00007fcc08db0800 Uncommon trap: reason=class_check action=maybe_recompile pc=0x0000000119b4ff54 method=com.google.common.collect.AbstractMapBasedMultimap$Itr.next()Ljava/lang/Object; @ 42
Event: 12066.177 Thread 0x00007fcc08db0800 Uncommon trap: reason=bimorphic action=maybe_recompile pc=0x000000011bce1718 method=com.google.common.collect.AbstractMapBasedMultimap$Itr.hasNext()Z @ 16
Event: 12066.647 Thread 0x00007fcc08db0800 Uncommon trap: reason=class_check action=maybe_recompile pc=0x0000000119b4ff54 method=com.google.common.collect.AbstractMapBasedMultimap$Itr.next()Ljava/lang/Object; @ 42
Event: 12066.647 Thread 0x00007fcc08db0800 Uncommon trap: reason=bimorphic action=maybe_recompile pc=0x000000011bce1718 method=com.google.common.collect.AbstractMapBasedMultimap$Itr.hasNext()Z @ 16
Event: 12860.098 Thread 0x00007fcc017be800 Uncommon trap: reason=unstable_if action=reinterpret pc=0x0000000119de1f7c method=org.gradle.internal.event.ListenerBroadcast.getSource()Ljava/lang/Object; @ 4
Event: 12862.246 Thread 0x00007fcc017be800 Uncommon trap: reason=null_check action=make_not_entrant pc=0x000000011cb40c34 method=com.sun.org.apache.xerces.internal.parsers.AbstractSAXParser.xmlDecl(Ljava/lang/String;Ljava/lang/String;Ljava/lang/String;Lcom/sun/org/apache/xerces/internal/xni/Augmen
Event: 12866.995 Thread 0x00007fcc03441000 Uncommon trap: reason=null_check action=make_not_entrant pc=0x000000011843ab28 method=com.sun.org.apache.xerces.internal.parsers.AbstractDOMParser.xmlDecl(Ljava/lang/String;Ljava/lang/String;Ljava/lang/String;Lcom/sun/org/apache/xerces/internal/xni/Augmen

Internal exceptions (10 events):
Event: 12868.060 Thread 0x00007fcc03441000 Exception <a 'sun/nio/fs/UnixException'> (0x000000079b320cb0) thrown at [/Users/java_re/workspace/8-2-build-macosx-x86_64/jdk8u71/5731/hotspot/src/share/vm/prims/jni.cpp, line 709]
Event: 12868.060 Thread 0x00007fcc03441000 Exception <a 'sun/nio/fs/UnixException'> (0x000000079b3228a8) thrown at [/Users/java_re/workspace/8-2-build-macosx-x86_64/jdk8u71/5731/hotspot/src/share/vm/prims/jni.cpp, line 709]
Event: 12868.060 Thread 0x00007fcc03441000 Exception <a 'sun/nio/fs/UnixException'> (0x000000079b324420) thrown at [/Users/java_re/workspace/8-2-build-macosx-x86_64/jdk8u71/5731/hotspot/src/share/vm/prims/jni.cpp, line 709]
Event: 12868.061 Thread 0x00007fcc03441000 Exception <a 'sun/nio/fs/UnixException'> (0x000000079b326060) thrown at [/Users/java_re/workspace/8-2-build-macosx-x86_64/jdk8u71/5731/hotspot/src/share/vm/prims/jni.cpp, line 709]
Event: 12869.112 Thread 0x00007fcc03441000 Exception <a 'sun/nio/fs/UnixException'> (0x00000007a15fb668) thrown at [/Users/java_re/workspace/8-2-build-macosx-x86_64/jdk8u71/5731/hotspot/src/share/vm/prims/jni.cpp, line 709]
Event: 12869.765 Thread 0x00007fcc03350000 Exception <a 'java/lang/InterruptedException'> (0x00000007a34c4030) thrown at [/Users/java_re/workspace/8-2-build-macosx-x86_64/jdk8u71/5731/hotspot/src/share/vm/runtime/objectMonitor.cpp, line 1683]
Event: 12874.590 Thread 0x00007fcc088cf000 Exception <a 'java/lang/InterruptedException'> (0x00000007a49856f0) thrown at [/Users/java_re/workspace/8-2-build-macosx-x86_64/jdk8u71/5731/hotspot/src/share/vm/runtime/objectMonitor.cpp, line 1683]
Event: 12878.711 Thread 0x00007fcc0125f000 Exception <a 'java/lang/InterruptedException'> (0x00000007a5697ff8) thrown at [/Users/java_re/workspace/8-2-build-macosx-x86_64/jdk8u71/5731/hotspot/src/share/vm/runtime/objectMonitor.cpp, line 1683]
Event: 12882.513 Thread 0x00007fcc03441000 Exception <a 'java/lang/NoSuchMethodError': <clinit>> (0x00000007a5856a88) thrown at [/Users/java_re/workspace/8-2-build-macosx-x86_64/jdk8u71/5731/hotspot/src/share/vm/prims/jni.cpp, line 1591]
Event: 12882.668 Thread 0x00007fcc03441000 Exception <a 'java/lang/NoSuchFieldError': TCSANOW> (0x00000007a5ba2cb0) thrown at [/Users/java_re/workspace/8-2-build-macosx-x86_64/jdk8u71/5731/hotspot/src/share/vm/prims/jni.cpp, line 2932]

Events (10 events):
Event: 12882.620 loading class org/jetbrains/kotlin/cli/common/messages/XmlMessageRenderer done
Event: 12882.624 loading class org/jetbrains/kotlin/cli/common/messages/MessageRenderer$1
Event: 12882.624 loading class org/jetbrains/kotlin/cli/common/messages/MessageRenderer$1 done
Event: 12882.626 loading class org/jetbrains/kotlin/cli/common/messages/PlainTextMessageRenderer
Event: 12882.626 loading class org/jetbrains/kotlin/cli/common/messages/PlainTextMessageRenderer done
Event: 12882.626 Thread 0x00007fcbfc857000 flushing nmethod 0x0000000115884ad0
Event: 12882.636 loading class org/fusesource/jansi/internal/CLibrary
Event: 12882.636 loading class org/fusesource/jansi/internal/CLibrary done
Event: 12882.646 loading class org/jetbrains/kotlin/org/fusesource/hawtjni/runtime/Library
Event: 12882.646 loading class org/jetbrains/kotlin/org/fusesource/hawtjni/runtime/Library done


Dynamic libraries:
0x000000002dc74000 	/System/Library/Frameworks/Cocoa.framework/Versions/A/Cocoa
0x000000002dc74000 	/System/Library/Frameworks/Security.framework/Versions/A/Security
0x000000002dc74000 	/System/Library/Frameworks/ApplicationServices.framework/Versions/A/ApplicationServices
0x000000002dc74000 	/usr/lib/libz.1.dylib
0x000000002dc74000 	/usr/lib/libSystem.B.dylib
0x000000002dc74000 	/usr/lib/libobjc.A.dylib
0x000000002dc74000 	/System/Library/Frameworks/CoreFoundation.framework/Versions/A/CoreFoundation
0x000000002dc74000 	/System/Library/Frameworks/Foundation.framework/Versions/C/Foundation
0x000000002dc74000 	/System/Library/Frameworks/AppKit.framework/Versions/C/AppKit
0x000000002dc74000 	/System/Library/Frameworks/CoreData.framework/Versions/A/CoreData
0x000000002dc74000 	/System/Library/PrivateFrameworks/RemoteViewServices.framework/Versions/A/RemoteViewServices
0x000000002dc74000 	/System/Library/PrivateFrameworks/UIFoundation.framework/Versions/A/UIFoundation
0x000000002dc74000 	/System/Library/PrivateFrameworks/DFRFoundation.framework/Versions/A/DFRFoundation
0x000000002dc74000 	/usr/lib/libenergytrace.dylib
0x000000002dc74000 	/System/Library/PrivateFrameworks/SkyLight.framework/Versions/A/SkyLight
0x000000002dc74000 	/System/Library/Frameworks/CoreGraphics.framework/Versions/A/CoreGraphics
0x000000002dc74000 	/usr/lib/libScreenReader.dylib
0x000000002dc74000 	/System/Library/Frameworks/Accelerate.framework/Versions/A/Accelerate
0x000000002dc74000 	/System/Library/Frameworks/IOSurface.framework/Versions/A/IOSurface
0x000000002dc74000 	/System/Library/Frameworks/AudioToolbox.framework/Versions/A/AudioToolbox
0x000000002dc74000 	/System/Library/Frameworks/AudioUnit.framework/Versions/A/AudioUnit
0x000000002dc74000 	/System/Library/PrivateFrameworks/DataDetectorsCore.framework/Versions/A/DataDetectorsCore
0x000000002dc74000 	/System/Library/PrivateFrameworks/DesktopServicesPriv.framework/Versions/A/DesktopServicesPriv
0x000000002dc74000 	/System/Library/Frameworks/Carbon.framework/Versions/A/Frameworks/HIToolbox.framework/Versions/A/HIToolbox
0x000000002dc74000 	/usr/lib/libicucore.A.dylib
0x000000002dc74000 	/System/Library/Frameworks/QuartzCore.framework/Versions/A/QuartzCore
0x000000002dc74000 	/System/Library/Frameworks/Carbon.framework/Versions/A/Frameworks/SpeechRecognition.framework/Versions/A/SpeechRecognition
0x000000002dc74000 	/usr/lib/libauto.dylib
0x000000002dc74000 	/usr/lib/libxml2.2.dylib
0x000000002dc74000 	/System/Library/PrivateFrameworks/CoreUI.framework/Versions/A/CoreUI
0x000000002dc74000 	/System/Library/Frameworks/CoreAudio.framework/Versions/A/CoreAudio
0x000000002dc74000 	/System/Library/Frameworks/DiskArbitration.framework/Versions/A/DiskArbitration
0x000000002dc74000 	/usr/lib/liblangid.dylib
0x000000002dc74000 	/System/Library/PrivateFrameworks/MultitouchSupport.framework/Versions/A/MultitouchSupport
0x000000002dc74000 	/System/Library/Frameworks/IOKit.framework/Versions/A/IOKit
0x000000002dc74000 	/usr/lib/libDiagnosticMessagesClient.dylib
0x000000002dc74000 	/System/Library/Frameworks/CoreServices.framework/Versions/A/CoreServices
0x000000002dc74000 	/System/Library/PrivateFrameworks/PerformanceAnalysis.framework/Versions/A/PerformanceAnalysis
0x000000002dc74000 	/System/Library/PrivateFrameworks/GenerationalStorage.framework/Versions/A/GenerationalStorage
0x000000002dc74000 	/System/Library/Frameworks/OpenGL.framework/Versions/A/OpenGL
0x000000002dc74000 	/System/Library/Frameworks/CoreImage.framework/Versions/A/CoreImage
0x000000002dc74000 	/System/Library/Frameworks/CoreText.framework/Versions/A/CoreText
0x000000002dc74000 	/System/Library/Frameworks/ImageIO.framework/Versions/A/ImageIO
0x000000002dc74000 	/System/Library/PrivateFrameworks/Backup.framework/Versions/A/Backup
0x000000002dc74000 	/usr/lib/libarchive.2.dylib
0x000000002dc74000 	/System/Library/Frameworks/CFNetwork.framework/Versions/A/CFNetwork
0x000000002dc74000 	/System/Library/Frameworks/SystemConfiguration.framework/Versions/A/SystemConfiguration
0x000000002dc74000 	/usr/lib/libCRFSuite.dylib
0x000000002dc74000 	/usr/lib/libc++.1.dylib
0x000000002dc74000 	/usr/lib/libc++abi.dylib
0x000000002dc74000 	/usr/lib/system/libcache.dylib
0x000000002dc74000 	/usr/lib/system/libcommonCrypto.dylib
0x000000002dc74000 	/usr/lib/system/libcompiler_rt.dylib
0x000000002dc74000 	/usr/lib/system/libcopyfile.dylib
0x000000002dc74000 	/usr/lib/system/libcorecrypto.dylib
0x000000002dc74000 	/usr/lib/system/libdispatch.dylib
0x000000002dc74000 	/usr/lib/system/libdyld.dylib
0x000000002dc74000 	/usr/lib/system/libkeymgr.dylib
0x000000002dc74000 	/usr/lib/system/liblaunch.dylib
0x000000002dc74000 	/usr/lib/system/libmacho.dylib
0x000000002dc74000 	/usr/lib/system/libquarantine.dylib
0x000000002dc74000 	/usr/lib/system/libremovefile.dylib
0x000000002dc74000 	/usr/lib/system/libsystem_asl.dylib
0x000000002dc74000 	/usr/lib/system/libsystem_blocks.dylib
0x000000002dc74000 	/usr/lib/system/libsystem_c.dylib
0x000000002dc74000 	/usr/lib/system/libsystem_configuration.dylib
0x000000002dc74000 	/usr/lib/system/libsystem_coreservices.dylib
0x000000002dc74000 	/usr/lib/system/libsystem_coretls.dylib
0x000000002dc74000 	/usr/lib/system/libsystem_dnssd.dylib
0x000000002dc74000 	/usr/lib/system/libsystem_info.dylib
0x000000002dc74000 	/usr/lib/system/libsystem_kernel.dylib
0x000000002dc74000 	/usr/lib/system/libsystem_m.dylib
0x000000002dc74000 	/usr/lib/system/libsystem_malloc.dylib
0x000000002dc74000 	/usr/lib/system/libsystem_network.dylib
0x000000002dc74000 	/usr/lib/system/libsystem_networkextension.dylib
0x000000002dc74000 	/usr/lib/system/libsystem_notify.dylib
0x000000002dc74000 	/usr/lib/system/libsystem_platform.dylib
0x000000002dc74000 	/usr/lib/system/libsystem_pthread.dylib
0x000000002dc74000 	/usr/lib/system/libsystem_sandbox.dylib
0x000000002dc74000 	/usr/lib/system/libsystem_secinit.dylib
0x000000002dc74000 	/usr/lib/system/libsystem_symptoms.dylib
0x000000002dc74000 	/usr/lib/system/libsystem_trace.dylib
0x000000002dc74000 	/usr/lib/system/libunwind.dylib
0x000000002dc74000 	/usr/lib/system/libxpc.dylib
0x000000002dc74000 	/usr/lib/libbsm.0.dylib
0x000000002dc74000 	/usr/lib/system/libkxld.dylib
0x000000002dc74000 	/usr/lib/libcoretls.dylib
0x000000002dc74000 	/usr/lib/libcoretls_cfhelpers.dylib
0x000000002dc74000 	/usr/lib/libOpenScriptingUtil.dylib
0x000000002dc74000 	/usr/lib/libpam.2.dylib
0x000000002dc74000 	/usr/lib/libsqlite3.dylib
0x000000002dc74000 	/usr/lib/libxar.1.dylib
0x000000002dc74000 	/usr/lib/libbz2.1.0.dylib
0x000000002dc74000 	/usr/lib/liblzma.5.dylib
0x000000002dc74000 	/usr/lib/libnetwork.dylib
0x000000002dc74000 	/usr/lib/libpcap.A.dylib
0x000000002dc74000 	/System/Library/Frameworks/CoreServices.framework/Versions/A/Frameworks/FSEvents.framework/Versions/A/FSEvents
0x000000002dc74000 	/System/Library/Frameworks/CoreServices.framework/Versions/A/Frameworks/CarbonCore.framework/Versions/A/CarbonCore
0x000000002dc74000 	/System/Library/Frameworks/CoreServices.framework/Versions/A/Frameworks/Metadata.framework/Versions/A/Metadata
0x000000002dc74000 	/System/Library/Frameworks/CoreServices.framework/Versions/A/Frameworks/OSServices.framework/Versions/A/OSServices
0x000000002dc74000 	/System/Library/Frameworks/CoreServices.framework/Versions/A/Frameworks/SearchKit.framework/Versions/A/SearchKit
0x000000002dc74000 	/System/Library/Frameworks/CoreServices.framework/Versions/A/Frameworks/AE.framework/Versions/A/AE
0x000000002dc74000 	/System/Library/Frameworks/CoreServices.framework/Versions/A/Frameworks/LaunchServices.framework/Versions/A/LaunchServices
0x000000002dc74000 	/System/Library/Frameworks/CoreServices.framework/Versions/A/Frameworks/DictionaryServices.framework/Versions/A/DictionaryServices
0x000000002dc74000 	/System/Library/Frameworks/CoreServices.framework/Versions/A/Frameworks/SharedFileList.framework/Versions/A/SharedFileList
0x000000002dc74000 	/System/Library/Frameworks/NetFS.framework/Versions/A/NetFS
0x000000002dc74000 	/System/Library/PrivateFrameworks/NetAuth.framework/Versions/A/NetAuth
0x000000002dc74000 	/System/Library/PrivateFrameworks/login.framework/Versions/A/Frameworks/loginsupport.framework/Versions/A/loginsupport
0x000000002dc74000 	/System/Library/PrivateFrameworks/TCC.framework/Versions/A/TCC
0x000000002dc74000 	/usr/lib/libmecabra.dylib
0x000000002dc74000 	/System/Library/Frameworks/ApplicationServices.framework/Versions/A/Frameworks/ATS.framework/Versions/A/ATS
0x000000002dc74000 	/System/Library/Frameworks/ApplicationServices.framework/Versions/A/Frameworks/ColorSync.framework/Versions/A/ColorSync
0x000000002dc74000 	/System/Library/Frameworks/ApplicationServices.framework/Versions/A/Frameworks/HIServices.framework/Versions/A/HIServices
0x000000002dc74000 	/System/Library/Frameworks/ApplicationServices.framework/Versions/A/Frameworks/LangAnalysis.framework/Versions/A/LangAnalysis
0x000000002dc74000 	/System/Library/Frameworks/ApplicationServices.framework/Versions/A/Frameworks/PrintCore.framework/Versions/A/PrintCore
0x000000002dc74000 	/System/Library/Frameworks/ApplicationServices.framework/Versions/A/Frameworks/QD.framework/Versions/A/QD
0x000000002dc74000 	/System/Library/Frameworks/ApplicationServices.framework/Versions/A/Frameworks/SpeechSynthesis.framework/Versions/A/SpeechSynthesis
0x000000002dc74000 	/System/Library/Frameworks/Accelerate.framework/Versions/A/Frameworks/vImage.framework/Versions/A/vImage
0x000000002dc74000 	/System/Library/Frameworks/Accelerate.framework/Versions/A/Frameworks/vecLib.framework/Versions/A/vecLib
0x000000002dc74000 	/System/Library/Frameworks/Accelerate.framework/Versions/A/Frameworks/vecLib.framework/Versions/A/libvDSP.dylib
0x000000002dc74000 	/System/Library/Frameworks/Accelerate.framework/Versions/A/Frameworks/vecLib.framework/Versions/A/libBNNS.dylib
0x000000002dc74000 	/System/Library/Frameworks/Accelerate.framework/Versions/A/Frameworks/vecLib.framework/Versions/A/libQuadrature.dylib
0x000000002dc74000 	/System/Library/Frameworks/Accelerate.framework/Versions/A/Frameworks/vecLib.framework/Versions/A/libvMisc.dylib
0x000000002dc74000 	/System/Library/Frameworks/Accelerate.framework/Versions/A/Frameworks/vecLib.framework/Versions/A/libLAPACK.dylib
0x000000002dc74000 	/System/Library/Frameworks/Accelerate.framework/Versions/A/Frameworks/vecLib.framework/Versions/A/libBLAS.dylib
0x000000002dc74000 	/System/Library/Frameworks/Accelerate.framework/Versions/A/Frameworks/vecLib.framework/Versions/A/libLinearAlgebra.dylib
0x000000002dc74000 	/System/Library/Frameworks/Accelerate.framework/Versions/A/Frameworks/vecLib.framework/Versions/A/libSparseBLAS.dylib
0x000000002dc74000 	/System/Library/Frameworks/ApplicationServices.framework/Versions/A/Frameworks/ATS.framework/Versions/A/Resources/libFontParser.dylib
0x000000002dc74000 	/System/Library/Frameworks/ApplicationServices.framework/Versions/A/Frameworks/ATS.framework/Versions/A/Resources/libFontRegistry.dylib
0x000000002dc74000 	/System/Library/Frameworks/ImageIO.framework/Versions/A/Resources/libJPEG.dylib
0x000000002dc74000 	/System/Library/Frameworks/ImageIO.framework/Versions/A/Resources/libTIFF.dylib
0x000000002dc74000 	/System/Library/Frameworks/ImageIO.framework/Versions/A/Resources/libPng.dylib
0x000000002dc74000 	/System/Library/Frameworks/ImageIO.framework/Versions/A/Resources/libGIF.dylib
0x000000002dc74000 	/System/Library/Frameworks/ImageIO.framework/Versions/A/Resources/libJP2.dylib
0x000000002dc74000 	/System/Library/Frameworks/ImageIO.framework/Versions/A/Resources/libRadiance.dylib
0x000000002dc74000 	/usr/lib/libcompression.dylib
0x000000002dc74000 	/System/Library/PrivateFrameworks/AppleJPEG.framework/Versions/A/AppleJPEG
0x000000002dc74000 	/usr/lib/libcups.2.dylib
0x000000002dc74000 	/System/Library/Frameworks/Kerberos.framework/Versions/A/Kerberos
0x000000002dc74000 	/System/Library/Frameworks/GSS.framework/Versions/A/GSS
0x000000002dc74000 	/usr/lib/libresolv.9.dylib
0x000000002dc74000 	/usr/lib/libiconv.2.dylib
0x000000002dc74000 	/System/Library/PrivateFrameworks/Heimdal.framework/Versions/A/Heimdal
0x000000002dc74000 	/usr/lib/libheimdal-asn1.dylib
0x000000002dc74000 	/System/Library/Frameworks/OpenDirectory.framework/Versions/A/OpenDirectory
0x000000002dc74000 	/System/Library/PrivateFrameworks/CommonAuth.framework/Versions/A/CommonAuth
0x000000002dc74000 	/System/Library/Frameworks/OpenDirectory.framework/Versions/A/Frameworks/CFOpenDirectory.framework/Versions/A/CFOpenDirectory
0x000000002dc74000 	/System/Library/Frameworks/SecurityFoundation.framework/Versions/A/SecurityFoundation
0x000000002dc74000 	/System/Library/PrivateFrameworks/LanguageModeling.framework/Versions/A/LanguageModeling
0x000000002dc74000 	/usr/lib/libmarisa.dylib
0x000000002dc74000 	/usr/lib/libChineseTokenizer.dylib
0x000000002dc74000 	/usr/lib/libcmph.dylib
0x000000002dc74000 	/System/Library/PrivateFrameworks/CoreEmoji.framework/Versions/A/CoreEmoji
0x000000002dc74000 	/System/Library/Frameworks/ServiceManagement.framework/Versions/A/ServiceManagement
0x000000002dc74000 	/usr/lib/libxslt.1.dylib
0x000000002dc74000 	/System/Library/Frameworks/Carbon.framework/Versions/A/Frameworks/Ink.framework/Versions/A/Ink
0x000000002dc74000 	/System/Library/PrivateFrameworks/TextureIO.framework/Versions/A/TextureIO
0x000000002dc74000 	/System/Library/Frameworks/Metal.framework/Versions/A/Metal
0x000000002dc74000 	/usr/lib/libate.dylib
0x000000002dc74000 	/System/Library/PrivateFrameworks/GPUCompiler.framework/libmetal_timestamp.dylib
0x000000002dc74000 	/System/Library/Frameworks/OpenGL.framework/Versions/A/Libraries/libCoreFSCache.dylib
0x000000002dc74000 	/System/Library/PrivateFrameworks/IOAccelerator.framework/Versions/A/IOAccelerator
0x000000002dc74000 	/System/Library/Frameworks/CoreVideo.framework/Versions/A/CoreVideo
0x000000002dc74000 	/usr/lib/libFosl_dynamic.dylib
0x000000002dc74000 	/System/Library/PrivateFrameworks/MetalPerformanceShaders.framework/Versions/A/MetalPerformanceShaders
0x000000002dc74000 	/System/Library/PrivateFrameworks/FaceCore.framework/Versions/A/FaceCore
0x000000002dc74000 	/System/Library/Frameworks/OpenCL.framework/Versions/A/OpenCL
0x000000002dc74000 	/System/Library/Frameworks/OpenGL.framework/Versions/A/Libraries/libGLU.dylib
0x000000002dc74000 	/System/Library/Frameworks/OpenGL.framework/Versions/A/Libraries/libGFXShared.dylib
0x000000002dc74000 	/System/Library/Frameworks/OpenGL.framework/Versions/A/Libraries/libGL.dylib
0x000000002dc74000 	/System/Library/Frameworks/OpenGL.framework/Versions/A/Libraries/libGLImage.dylib
0x000000002dc74000 	/System/Library/Frameworks/OpenGL.framework/Versions/A/Libraries/libCVMSPluginSupport.dylib
0x000000002dc74000 	/System/Library/Frameworks/OpenGL.framework/Versions/A/Libraries/libCoreVMClient.dylib
0x000000002dc74000 	/System/Library/PrivateFrameworks/CrashReporterSupport.framework/Versions/A/CrashReporterSupport
0x000000002dc74000 	/System/Library/PrivateFrameworks/Sharing.framework/Versions/A/Sharing
0x000000002dc74000 	/System/Library/PrivateFrameworks/IconServices.framework/Versions/A/IconServices
0x000000002dc74000 	/System/Library/PrivateFrameworks/ProtocolBuffer.framework/Versions/A/ProtocolBuffer
0x000000002dc74000 	/System/Library/PrivateFrameworks/Apple80211.framework/Versions/A/Apple80211
0x000000002dc74000 	/System/Library/Frameworks/CoreWLAN.framework/Versions/A/CoreWLAN
0x000000002dc74000 	/System/Library/PrivateFrameworks/CoreUtils.framework/Versions/A/CoreUtils
0x000000002dc74000 	/System/Library/Frameworks/IOBluetooth.framework/Versions/A/IOBluetooth
0x000000002dc74000 	/System/Library/PrivateFrameworks/CoreWiFi.framework/Versions/A/CoreWiFi
0x000000002dc74000 	/System/Library/Frameworks/CoreBluetooth.framework/Versions/A/CoreBluetooth
0x000000002dc74000 	/System/Library/Frameworks/CoreDisplay.framework/Versions/A/CoreDisplay
0x000000002dc74000 	/System/Library/PrivateFrameworks/IOPresentment.framework/Versions/A/IOPresentment
0x000000002dc74000 	/System/Library/PrivateFrameworks/DSExternalDisplay.framework/Versions/A/DSExternalDisplay
0x000000002dc74000 	/System/Library/PrivateFrameworks/DebugSymbols.framework/Versions/A/DebugSymbols
0x000000002dc74000 	/System/Library/PrivateFrameworks/CoreSymbolication.framework/Versions/A/CoreSymbolication
0x000000002dc74000 	/System/Library/PrivateFrameworks/Symbolication.framework/Versions/A/Symbolication
0x000000002dc74000 	/System/Library/PrivateFrameworks/AppleFSCompression.framework/Versions/A/AppleFSCompression
0x000000002dc74000 	/System/Library/PrivateFrameworks/SpeechRecognitionCore.framework/Versions/A/SpeechRecognitionCore
0x000000002dc74000 	/System/Library/PrivateFrameworks/ChunkingLibrary.framework/Versions/A/ChunkingLibrary
0x0000000108800000 	/Library/Java/JavaVirtualMachines/jdk1.8.0_71.jdk/Contents/Home/jre/lib/server/libjvm.dylib
0x000000002dc74000 	/usr/lib/libstdc++.6.dylib
0x000000010765c000 	/Library/Java/JavaVirtualMachines/jdk1.8.0_71.jdk/Contents/Home/jre/lib/libverify.dylib
0x000000010766a000 	/Library/Java/JavaVirtualMachines/jdk1.8.0_71.jdk/Contents/Home/jre/lib/libjava.dylib
0x00000001076a9000 	/Library/Java/JavaVirtualMachines/jdk1.8.0_71.jdk/Contents/Home/jre/lib/libzip.dylib
0x00000001245d7000 	/System/Library/Frameworks/JavaVM.framework/Frameworks/JavaRuntimeSupport.framework/JavaRuntimeSupport
0x00000001245f1000 	/System/Library/Frameworks/JavaVM.framework/Versions/A/Frameworks/JavaNativeFoundation.framework/Versions/A/JavaNativeFoundation
0x0000000113ebb000 	/System/Library/Frameworks/JavaVM.framework/Versions/A/JavaVM
0x000000002dc74000 	/System/Library/Frameworks/Carbon.framework/Versions/A/Carbon
0x0000000124606000 	/System/Library/PrivateFrameworks/JavaLaunching.framework/Versions/A/JavaLaunching
0x000000002dc74000 	/System/Library/Frameworks/Carbon.framework/Versions/A/Frameworks/CommonPanels.framework/Versions/A/CommonPanels
0x000000002dc74000 	/System/Library/Frameworks/Carbon.framework/Versions/A/Frameworks/Help.framework/Versions/A/Help
0x000000002dc74000 	/System/Library/Frameworks/Carbon.framework/Versions/A/Frameworks/ImageCapture.framework/Versions/A/ImageCapture
0x000000002dc74000 	/System/Library/Frameworks/Carbon.framework/Versions/A/Frameworks/OpenScripting.framework/Versions/A/OpenScripting
0x000000002dc74000 	/System/Library/Frameworks/Carbon.framework/Versions/A/Frameworks/Print.framework/Versions/A/Print
0x000000002dc74000 	/System/Library/Frameworks/Carbon.framework/Versions/A/Frameworks/SecurityHI.framework/Versions/A/SecurityHI
0x000000012652b000 	/Library/Java/JavaVirtualMachines/jdk1.8.0_71.jdk/Contents/Home/jre/lib/libnet.dylib
0x000000012658a000 	/Library/Java/JavaVirtualMachines/jdk1.8.0_71.jdk/Contents/Home/jre/lib/libnio.dylib
0x00000001266ec000 	/Users/cybozu/.gradle/native/25/osx-amd64/libnative-platform.dylib
0x00000001269e1000 	/Library/Java/JavaVirtualMachines/jdk1.8.0_71.jdk/Contents/Home/jre/lib/libmanagement.dylib
0x0000000128094000 	/private/var/folders/cm/q6vgxjkd0pd9w1m0htt3b07h0000gn/T/aapt2_4178221404379862395/libc++.dylib
0x000000012a758000 	/private/var/folders/cm/q6vgxjkd0pd9w1m0htt3b07h0000gn/T/aapt2_4178221404379862395/libaapt2_jni.dylib
0x00000001264e0000 	/private/var/folders/cm/q6vgxjkd0pd9w1m0htt3b07h0000gn/T/native-platform7939031218337511391dir/libnative-platform.dylib
0x0000000127474000 	/Library/Java/JavaVirtualMachines/jdk1.8.0_71.jdk/Contents/Home/jre/lib/libsunec.dylib
0x00000001293e1000 	/Library/Java/JavaVirtualMachines/jdk1.8.0_71.jdk/Contents/Home/jre/lib/libawt.dylib
0x0000000129489000 	/Library/Java/JavaVirtualMachines/jdk1.8.0_71.jdk/Contents/Home/jre/lib/./libmlib_image.dylib
0x0000000129fba000 	/Library/Java/JavaVirtualMachines/jdk1.8.0_71.jdk/Contents/Home/jre/lib/libawt_lwawt.dylib
0x0000000126836000 	/Library/Java/JavaVirtualMachines/jdk1.8.0_71.jdk/Contents/Home/jre/lib/./libosxapp.dylib
0x000000002dc74000 	/System/Library/Frameworks/ExceptionHandling.framework/Versions/A/ExceptionHandling
0x000000012b82b000 	/private/var/folders/cm/q6vgxjkd0pd9w1m0htt3b07h0000gn/T/aapt2_6065323434165070782/libc++.dylib
0x0000000130cbb000 	/private/var/folders/cm/q6vgxjkd0pd9w1m0htt3b07h0000gn/T/aapt2_6065323434165070782/libaapt2_jni.dylib
0x00000001264ea000 	/Users/cybozu/.gradle/native/jansi/1.14/osx/libjansi.jnilib

VM Arguments:
jvm_args: -XX:MaxPermSize=512m -Xmx4048m -Dfile.encoding=UTF-8 -Duser.country=US -Duser.language=en -Duser.variant 
java_command: org.gradle.launcher.daemon.bootstrap.GradleDaemon 4.1-rc-1
java_class_path (initial): /Users/cybozu/.gradle/wrapper/dists/gradle-4.1-rc-1-all/936kh1brdchce6fvd2c1o8t8x/gradle-4.1-rc-1/lib/gradle-launcher-4.1.jar
Launcher Type: SUN_STANDARD

Environment Variables:
PATH=/Users/cybozu/Documents/google-cloud-sdk/bin:/Users/cybozu/Documents/google-cloud-sdk/bin:/usr/local/bin:/usr/bin:/bin:/usr/sbin:/sbin:/opt/X11/bin:/usr/local/MacGPG2/bin:/Users/cybozu/Library/Android/sdk/platform-tools/:/Users/cybozu/Library/Android/sdk/platform-tools/
SHELL=/usr/local/bin/bash
DISPLAY=/private/tmp/com.apple.launchd.d7JD2oEddx/org.macosforge.xquartz:0

Signal Handlers:
SIGSEGV: [libjvm.dylib+0x5a68c5], sa_mask[0]=11111111011111110111111111111111, sa_flags=SA_ONSTACK|SA_RESTART|SA_SIGINFO
SIGBUS: [libjvm.dylib+0x5a68c5], sa_mask[0]=11111111011111110111111111111111, sa_flags=SA_RESTART|SA_SIGINFO
SIGFPE: [libjvm.dylib+0x4805d4], sa_mask[0]=11111111011111110111111111111111, sa_flags=SA_RESTART|SA_SIGINFO
SIGPIPE: [libjvm.dylib+0x4805d4], sa_mask[0]=11111111011111110111111111111111, sa_flags=SA_RESTART|SA_SIGINFO
SIGXFSZ: [libjvm.dylib+0x4805d4], sa_mask[0]=11111111011111110111111111111111, sa_flags=SA_RESTART|SA_SIGINFO
SIGILL: [libjvm.dylib+0x4805d4], sa_mask[0]=11111111011111110111111111111111, sa_flags=SA_RESTART|SA_SIGINFO
SIGUSR1: SIG_DFL, sa_mask[0]=00000000000000000000000000000000, sa_flags=none
SIGUSR2: [libjvm.dylib+0x4800f2], sa_mask[0]=00100000000000000000000000000000, sa_flags=SA_RESTART|SA_SIGINFO
SIGHUP: [libjvm.dylib+0x47e6c9], sa_mask[0]=11111111011111110111111111111111, sa_flags=SA_RESTART|SA_SIGINFO
SIGINT: [libjvm.dylib+0x47e6c9], sa_mask[0]=11111111011111110111111111111111, sa_flags=SA_RESTART|SA_SIGINFO
SIGTERM: [libjvm.dylib+0x47e6c9], sa_mask[0]=11111111011111110111111111111111, sa_flags=SA_RESTART|SA_SIGINFO
SIGQUIT: [libjvm.dylib+0x47e6c9], sa_mask[0]=11111111011111110111111111111111, sa_flags=SA_RESTART|SA_SIGINFO


---------------  S Y S T E M  ---------------

OS:Bsduname:Darwin 16.7.0 Darwin Kernel Version 16.7.0: Thu Jun 15 17:36:27 PDT 2017; root:xnu-3789.70.16~2/RELEASE_X86_64 x86_64
rlimit: STACK 8192k, CORE 0k, NPROC 709, NOFILE 10240, AS infinity
load average:4.15 3.14 2.74

CPU:total 8 (4 cores per cpu, 2 threads per core) family 6 model 70 stepping 1, cmov, cx8, fxsr, mmx, sse, sse2, sse3, ssse3, sse4.1, sse4.2, popcnt, avx, avx2, aes, clmul, erms, lzcnt, ht, tsc, tscinvbit, bmi1, bmi2

Memory: 4k page, physical 16777216k(31948k free)

/proc/meminfo:


vm_info: Java HotSpot(TM) 64-Bit Server VM (25.71-b15) for bsd-amd64 JRE (1.8.0_71-b15), built on Dec 22 2015 15:11:44 by "java_re" with gcc 4.2.1 (Based on Apple Inc. build 5658) (LLVM build 2336.11.00)

time: Sat Aug 12 18:08:42 2017
elapsed time: 12882 seconds (0d 3h 34m 42s)

